<?xml version="1.0" encoding="UTF-8"?>
<testng-results ignored="0" total="1" passed="1" failed="0" skipped="0">
  <reporter-output>
  </reporter-output>
  <suite started-at="2024-04-03T22:32:32 IST" name="Default suite" finished-at="2024-04-03T22:32:45 IST" duration-ms="12901">
    <groups>
    </groups>
    <test started-at="2024-04-03T22:32:32 IST" name="Default test" finished-at="2024-04-03T22:32:45 IST" duration-ms="12901">
      <class name="TestClass">
        <test-method signature="Test1()[pri:0, instance:TestClass@f5acb9d]" started-at="2024-04-03T22:32:32 IST" name="Test1" finished-at="2024-04-03T22:32:45 IST" duration-ms="12831" status="PASS">
          <reporter-output>
          </reporter-output>
        </test-method> <!-- Test1 -->
      </class> <!-- TestClass -->
    </test> <!-- Default test -->
  </suite> <!-- Default suite -->
</testng-results>
